Using pre-set license
Built from '2020.3/staging' branch; Version is '2020.3.14f1 (d0d1bb862f9d) revision 13685179'; Using compiler version '192528614'; Build Type 'Release'
OS: 'Windows 10 Home Single Language; OS build 19042.1110; Version 2009; 64bit' Language: 'en' Physical Memory: 16222 MB
BatchMode: 1, IsHumanControllingUs: 0, StartBugReporterOnCrash: 0, Is64bit: 1, IsPro: 0

 COMMAND LINE ARGUMENTS:
C:\Program Files\Unity\Hub\Editor\2020.3.14f1\Editor\Unity.exe
-adb2
-batchMode
-noUpm
-name
AssetImportWorker0
-projectPath
C:/Games/Unity Projects/Zombie Runner
-logFile
Logs/AssetImportWorker0.log
-srvPort
52303
Successfully changed project path to: C:/Games/Unity Projects/Zombie Runner
C:/Games/Unity Projects/Zombie Runner
Using Asset Import Pipeline V2.
Refreshing native plugins compatible for Editor in 31.93 ms, found 2 plugins.
Preloading 0 native plugins for Editor in 0.00 ms.
Initialize engine version: 2020.3.14f1 (d0d1bb862f9d)
[Subsystems] Discovering subsystems at path C:/Program Files/Unity/Hub/Editor/2020.3.14f1/Editor/Data/Resources/UnitySubsystems
[Subsystems] Discovering subsystems at path C:/Games/Unity Projects/Zombie Runner/Assets
GfxDevice: creating device client; threaded=0
Direct3D:
    Version:  Direct3D 11.0 [level 11.1]
    Renderer: NVIDIA GeForce RTX 2070 Super with Max-Q Design (ID=0x1ed1)
    Vendor:   
    VRAM:     8011 MB
    Driver:   30.0.14.7141
Initialize mono
Mono path[0] = 'C:/Program Files/Unity/Hub/Editor/2020.3.14f1/Editor/Data/Managed'
Mono path[1] = 'C:/Program Files/Unity/Hub/Editor/2020.3.14f1/Editor/Data/MonoBleedingEdge/lib/mono/unityjit'
Mono config path = 'C:/Program Files/Unity/Hub/Editor/2020.3.14f1/Editor/Data/MonoBleedingEdge/etc'
Using monoOptions --debugger-agent=transport=dt_socket,embedding=1,server=y,suspend=n,address=127.0.0.1:56344
Begin MonoManager ReloadAssembly
Registering precompiled unity dll's ...
Register platform support module: C:/Program Files/Unity/Hub/Editor/2020.3.14f1/Editor/Data/PlaybackEngines/WebGLSupport/UnityEditor.WebGL.Extensions.dll
Register platform support module: C:/Program Files/Unity/Hub/Editor/2020.3.14f1/Editor/Data/PlaybackEngines/WindowsStandaloneSupport/UnityEditor.WindowsStandalone.Extensions.dll
Registered in 0.002489 seconds.
Native extension for WindowsStandalone target not found
Native extension for WebGL target not found
Refreshing native plugins compatible for Editor in 29.92 ms, found 2 plugins.
Preloading 0 native plugins for Editor in 0.00 ms.
Mono: successfully reloaded assembly
- Completed reload, in  1.979 seconds
Domain Reload Profiling:
	ReloadAssembly (1979ms)
		BeginReloadAssembly (55ms)
			ExecutionOrderSort (0ms)
			DisableScriptedObjects (0ms)
			BackupInstance (0ms)
			ReleaseScriptingObjects (0ms)
			CreateAndSetChildDomain (1ms)
		EndReloadAssembly (371ms)
			LoadAssemblies (53ms)
			RebuildTransferFunctionScriptingTraits (0ms)
			SetupTypeCache (135ms)
			ReleaseScriptCaches (0ms)
			RebuildScriptCaches (25ms)
			SetupLoadedEditorAssemblies (145ms)
				LogAssemblyErrors (0ms)
				InitializePlatformSupportModulesInManaged (4ms)
				SetLoadedEditorAssemblies (0ms)
				RefreshPlugins (30ms)
				BeforeProcessingInitializeOnLoad (13ms)
				ProcessInitializeOnLoadAttributes (74ms)
				ProcessInitializeOnLoadMethodAttributes (23ms)
				AfterProcessingInitializeOnLoad (0ms)
				EditorAssembliesLoaded (0ms)
			ExecutionOrderSort2 (0ms)
			AwakeInstancesAfterBackupRestoration (0ms)
Platform modules already initialized, skipping
Registering precompiled user dll's ...
Registered in 0.004766 seconds.
Begin MonoManager ReloadAssembly
Native extension for WindowsStandalone target not found
Native extension for WebGL target not found
Refreshing native plugins compatible for Editor in 0.36 ms, found 2 plugins.
Preloading 0 native plugins for Editor in 0.00 ms.
Mono: successfully reloaded assembly
- Completed reload, in  0.958 seconds
Domain Reload Profiling:
	ReloadAssembly (959ms)
		BeginReloadAssembly (133ms)
			ExecutionOrderSort (0ms)
			DisableScriptedObjects (4ms)
			BackupInstance (0ms)
			ReleaseScriptingObjects (0ms)
			CreateAndSetChildDomain (16ms)
		EndReloadAssembly (769ms)
			LoadAssemblies (81ms)
			RebuildTransferFunctionScriptingTraits (0ms)
			SetupTypeCache (239ms)
			ReleaseScriptCaches (0ms)
			RebuildScriptCaches (38ms)
			SetupLoadedEditorAssemblies (319ms)
				LogAssemblyErrors (0ms)
				InitializePlatformSupportModulesInManaged (5ms)
				SetLoadedEditorAssemblies (0ms)
				RefreshPlugins (0ms)
				BeforeProcessingInitializeOnLoad (72ms)
				ProcessInitializeOnLoadAttributes (222ms)
				ProcessInitializeOnLoadMethodAttributes (6ms)
				AfterProcessingInitializeOnLoad (12ms)
				EditorAssembliesLoaded (0ms)
			ExecutionOrderSort2 (0ms)
			AwakeInstancesAfterBackupRestoration (10ms)
Platform modules already initialized, skipping
========================================================================
Worker process is ready to serve import requests
Launched and connected shader compiler UnityShaderCompiler.exe after 0.05 seconds
Refreshing native plugins compatible for Editor in 0.40 ms, found 2 plugins.
Preloading 0 native plugins for Editor in 0.00 ms.
Unloading 1522 Unused Serialized files (Serialized files now loaded: 0)
System memory in use before: 78.2 MB.
System memory in use after: 77.8 MB.

Unloading 21 unused Assets to reduce memory usage. Loaded Objects now: 1962.
Total: 2.390600 ms (FindLiveObjects: 0.164500 ms CreateObjectMapping: 0.056800 ms MarkObjects: 1.594400 ms  DeleteObjects: 0.573600 ms)

AssetImportParameters requested are different than current active one (requested -> active):
  custom:framework-win-MediaFoundation: 216162199b28c13a410421893ffa2e32 -> 
  custom:video-decoder-ogg-theora: a1e56fd34408186e4bbccfd4996cb3dc -> 
  custom:container-muxer-webm: aa71ff27fc2769a1b78a27578f13a17b -> 
  custom:container-demuxer-webm: 4f35f7cbe854078d1ac9338744f61a02 -> 
  custom:container-demuxer-ogg: 62fdf1f143b41e24485cea50d1cbac27 -> 
  custom:video-encoder-webm-vp8: eb34c28f22e8b96e1ab97ce403110664 -> 
  custom:video-codec-MediaFoundation-h265: 746d11721c4dcdbdad8f713fa42b33f4 -> 
  custom:video-decoder-webm-vp8: 9c59270c3fd7afecdb556c50c9e8de78 -> 
  custom:audio-decoder-ogg-vorbis: bf7c407c2cedff20999df2af8eb42d56 -> 
  custom:audio-encoder-webm-vorbis: bf7c407c2cedff20999df2af8eb42d56 -> 
========================================================================
Received Import Request.
  path: Assets/Low Poly FPS Pack - Free (Sample)/Prefabs/Example_Prefabs/Projectiles/Bullet
  artifactKey: Guid(bdfdc339f63e5444db8a5089cb075e47) Importer(815301076,1909f56bfc062723c751e8b465ee728b)
Start importing Assets/Low Poly FPS Pack - Free (Sample)/Prefabs/Example_Prefabs/Projectiles/Bullet using Guid(bdfdc339f63e5444db8a5089cb075e47) Importer(815301076,1909f56bfc062723c751e8b465ee728b)  -> (artifact id: 'e704f7105c3cdbe8e1ac780e9a04c850') in 0.005070 seconds 
  Import took 0.007947 seconds .

========================================================================
Received Import Request.
  Time since last request: 0.000211 seconds.
  path: Assets/Low Poly FPS Pack - Free (Sample)/Prefabs/Example_Prefabs/Projectiles
  artifactKey: Guid(48961f39370195e45bb65989ad5afe74) Importer(815301076,1909f56bfc062723c751e8b465ee728b)
Start importing Assets/Low Poly FPS Pack - Free (Sample)/Prefabs/Example_Prefabs/Projectiles using Guid(48961f39370195e45bb65989ad5afe74) Importer(815301076,1909f56bfc062723c751e8b465ee728b)  -> (artifact id: 'fdfb659e0f9e6a5e49c8dd297c864088') in 0.002581 seconds 
  Import took 0.005004 seconds .

========================================================================
Received Import Request.
  Time since last request: 0.000189 seconds.
  path: Assets/Low Poly FPS Pack - Free (Sample)/Prefabs/Example_Prefabs/Projectiles/Bullet/Bullet_Prefab.prefab
  artifactKey: Guid(5953171a59c27394e9ad5cbb564affa8) Importer(815301076,1909f56bfc062723c751e8b465ee728b)
Start importing Assets/Low Poly FPS Pack - Free (Sample)/Prefabs/Example_Prefabs/Projectiles/Bullet/Bullet_Prefab.prefab using Guid(5953171a59c27394e9ad5cbb564affa8) Importer(815301076,1909f56bfc062723c751e8b465ee728b)  -> (artifact id: '215c6d5cf4574d07c5a879ecafdbcdb5') in 0.112521 seconds 
  Import took 0.115587 seconds .

========================================================================
Received Import Request.
  Time since last request: 1.522204 seconds.
  path: Assets/Low Poly FPS Pack - Free (Sample)/Components/Materials/Bullet_Materials/BulletGlowMaterial.mat
  artifactKey: Guid(a67df17391c315142b37a14f9dffc5a1) Importer(815301076,1909f56bfc062723c751e8b465ee728b)
Start importing Assets/Low Poly FPS Pack - Free (Sample)/Components/Materials/Bullet_Materials/BulletGlowMaterial.mat using Guid(a67df17391c315142b37a14f9dffc5a1) Importer(815301076,1909f56bfc062723c751e8b465ee728b)  -> (artifact id: 'e923c36448a83f5a8e824e72feb48f4f') in 0.027982 seconds 
  Import took 0.032957 seconds .

========================================================================
Received Import Request.
  Time since last request: 7.004049 seconds.
  path: Assets/Low Poly FPS Pack - Free (Sample)/Prefabs/Example_Prefabs/Casing_Prefabs
  artifactKey: Guid(c4bc845c1786b69449479ab6b3ae60fd) Importer(815301076,1909f56bfc062723c751e8b465ee728b)
Start importing Assets/Low Poly FPS Pack - Free (Sample)/Prefabs/Example_Prefabs/Casing_Prefabs using Guid(c4bc845c1786b69449479ab6b3ae60fd) Importer(815301076,1909f56bfc062723c751e8b465ee728b)  -> (artifact id: '3551e2e2e61fa3441aabc4d2d5182cf7') in 0.002610 seconds 
  Import took 0.005573 seconds .

========================================================================
Received Import Request.
  Time since last request: 1.501967 seconds.
  path: Assets/Low Poly FPS Pack - Free (Sample)/Prefabs/Example_Prefabs/Casing_Prefabs/Big_Casing_Prefab.prefab
  artifactKey: Guid(7be59128a5ee3424faf33d7a408c0b2e) Importer(815301076,1909f56bfc062723c751e8b465ee728b)
Start importing Assets/Low Poly FPS Pack - Free (Sample)/Prefabs/Example_Prefabs/Casing_Prefabs/Big_Casing_Prefab.prefab using Guid(7be59128a5ee3424faf33d7a408c0b2e) Importer(815301076,1909f56bfc062723c751e8b465ee728b)  -> (artifact id: '7a045a81e6c755eef63d7fecc8e0957c') in 0.012135 seconds 
  Import took 0.014644 seconds .

========================================================================
Received Import Request.
  Time since last request: 0.000176 seconds.
  path: Assets/Low Poly FPS Pack - Free (Sample)/Prefabs/Example_Prefabs/Casing_Prefabs/Small_Casing_Prefab.prefab
  artifactKey: Guid(b1995a53a949fac4db5722fc1df9efe4) Importer(815301076,1909f56bfc062723c751e8b465ee728b)
Start importing Assets/Low Poly FPS Pack - Free (Sample)/Prefabs/Example_Prefabs/Casing_Prefabs/Small_Casing_Prefab.prefab using Guid(b1995a53a949fac4db5722fc1df9efe4) Importer(815301076,1909f56bfc062723c751e8b465ee728b)  -> (artifact id: '2957b01369f89d63c3a455490b4bbbcf') in 0.011467 seconds 
  Import took 0.014267 seconds .

========================================================================
Received Import Request.
  Time since last request: 3.667950 seconds.
  path: Assets/Low Poly FPS Pack - Free (Sample)/Prefabs/Example_Prefabs/Bullet_Impacts
  artifactKey: Guid(80f82e3929777184880ee0fd0be923b5) Importer(815301076,1909f56bfc062723c751e8b465ee728b)
Start importing Assets/Low Poly FPS Pack - Free (Sample)/Prefabs/Example_Prefabs/Bullet_Impacts using Guid(80f82e3929777184880ee0fd0be923b5) Importer(815301076,1909f56bfc062723c751e8b465ee728b)  -> (artifact id: 'c3e03ac938c8673957c7d7eaa279acb8') in 0.002726 seconds 
  Import took 0.006137 seconds .

========================================================================
Received Import Request.
  Time since last request: 0.000517 seconds.
  path: Assets/Low Poly FPS Pack - Free (Sample)/Prefabs/Example_Prefabs/Bullet_Impacts
  artifactKey: Guid(80f82e3929777184880ee0fd0be923b5) Importer(815301076,1909f56bfc062723c751e8b465ee728b)
Start importing Assets/Low Poly FPS Pack - Free (Sample)/Prefabs/Example_Prefabs/Bullet_Impacts using Guid(80f82e3929777184880ee0fd0be923b5) Importer(815301076,1909f56bfc062723c751e8b465ee728b)  -> (artifact id: 'c3e03ac938c8673957c7d7eaa279acb8') in 0.001872 seconds 
  Import took 0.004025 seconds .

========================================================================
Received Import Request.
  Time since last request: 0.969231 seconds.
  path: Assets/Low Poly FPS Pack - Free (Sample)/Prefabs/Example_Prefabs/Bullet_Impacts/Metal Impact Prefab.prefab
  artifactKey: Guid(79927c6543a058b4383885fac101fe2e) Importer(815301076,1909f56bfc062723c751e8b465ee728b)
Start importing Assets/Low Poly FPS Pack - Free (Sample)/Prefabs/Example_Prefabs/Bullet_Impacts/Metal Impact Prefab.prefab using Guid(79927c6543a058b4383885fac101fe2e) Importer(815301076,1909f56bfc062723c751e8b465ee728b)  -> (artifact id: '8d1e6274c8c5a47d3500434aafb2c0e0') in 0.013782 seconds 
  Import took 0.016320 seconds .

========================================================================
Received Import Request.
  Time since last request: 6.655154 seconds.
  path: Assets/Low Poly FPS Pack - Free (Sample)/Components/Materials/Particles/SparkParticles.mat
  artifactKey: Guid(294f8fd558aa0d1488d4997453398cf0) Importer(815301076,1909f56bfc062723c751e8b465ee728b)
Start importing Assets/Low Poly FPS Pack - Free (Sample)/Components/Materials/Particles/SparkParticles.mat using Guid(294f8fd558aa0d1488d4997453398cf0) Importer(815301076,1909f56bfc062723c751e8b465ee728b)  -> (artifact id: '6835494b6d1cbde9d4a91d41ba098e02') in 0.014917 seconds 
  Import took 0.017909 seconds .

========================================================================
Received Import Request.
  Time since last request: 0.002632 seconds.
  path: Assets/Low Poly FPS Pack - Free (Sample)/Components/Materials/Particles/SparkParticles.mat
  artifactKey: Guid(294f8fd558aa0d1488d4997453398cf0) Importer(815301076,1909f56bfc062723c751e8b465ee728b)
Start importing Assets/Low Poly FPS Pack - Free (Sample)/Components/Materials/Particles/SparkParticles.mat using Guid(294f8fd558aa0d1488d4997453398cf0) Importer(815301076,1909f56bfc062723c751e8b465ee728b)  -> (artifact id: '6835494b6d1cbde9d4a91d41ba098e02') in 0.008754 seconds 
  Import took 0.011140 seconds .

========================================================================
Received Import Request.
  Time since last request: 19.828051 seconds.
  path: Assets/Low Poly FPS Pack - Free (Sample)/Prefabs/Example_Prefabs/Explosions/Explosion Prefab.prefab
  artifactKey: Guid(301583a5af63a494298d60cd9f296909) Importer(815301076,1909f56bfc062723c751e8b465ee728b)
Start importing Assets/Low Poly FPS Pack - Free (Sample)/Prefabs/Example_Prefabs/Explosions/Explosion Prefab.prefab using Guid(301583a5af63a494298d60cd9f296909) Importer(815301076,1909f56bfc062723c751e8b465ee728b)  -> (artifact id: '4bd1f601332980bf6bc7e11699480b2e') in 0.018919 seconds 
  Import took 0.021514 seconds .

========================================================================
Received Import Request.
  Time since last request: 8.144155 seconds.
  path: Assets/Low Poly FPS Pack - Free (Sample)/Prefabs/Example_Prefabs/Bullet_Impacts/Metal Impact Prefab 1.prefab
  artifactKey: Guid(b332f1cb28a95964d9634350a095493b) Importer(815301076,1909f56bfc062723c751e8b465ee728b)
Start importing Assets/Low Poly FPS Pack - Free (Sample)/Prefabs/Example_Prefabs/Bullet_Impacts/Metal Impact Prefab 1.prefab using Guid(b332f1cb28a95964d9634350a095493b) Importer(815301076,1909f56bfc062723c751e8b465ee728b)  -> (artifact id: '2975f4890e6a0b2f13eb3f91dacdce5c') in 0.011295 seconds 
  Import took 0.013891 seconds .

========================================================================
Received Import Request.
  Time since last request: 10.690464 seconds.
  path: Assets/Metal Impact Prefab 1.prefab
  artifactKey: Guid(b332f1cb28a95964d9634350a095493b) Importer(815301076,1909f56bfc062723c751e8b465ee728b)
Start importing Assets/Metal Impact Prefab 1.prefab using Guid(b332f1cb28a95964d9634350a095493b) Importer(815301076,1909f56bfc062723c751e8b465ee728b)  -> (artifact id: '5dd51dc5024eb9a98a03bdb63ec35766') in 0.040597 seconds 
  Import took 0.043591 seconds .

========================================================================
Received Import Request.
  Time since last request: 3.905941 seconds.
  path: Assets/Prefabs/Assault_Rifle_01_FPSController.prefab
  artifactKey: Guid(ff17e47dbc8d17d4b92461a39c45b013) Importer(815301076,1909f56bfc062723c751e8b465ee728b)
Start importing Assets/Prefabs/Assault_Rifle_01_FPSController.prefab using Guid(ff17e47dbc8d17d4b92461a39c45b013) Importer(815301076,1909f56bfc062723c751e8b465ee728b)  -> (artifact id: '477aa25db7fe7aa0fa97bf8dfd9cd395') in 0.092735 seconds 
  Import took 0.097129 seconds .

========================================================================
Received Import Request.
  Time since last request: 11.430842 seconds.
  path: Assets/Prefabs/Impact Effect.prefab
  artifactKey: Guid(b332f1cb28a95964d9634350a095493b) Importer(815301076,1909f56bfc062723c751e8b465ee728b)
Start importing Assets/Prefabs/Impact Effect.prefab using Guid(b332f1cb28a95964d9634350a095493b) Importer(815301076,1909f56bfc062723c751e8b465ee728b)  -> (artifact id: '789309f14b7c61d692e5855aef58ada9') in 0.011200 seconds 
  Import took 0.013856 seconds .

========================================================================
Received Import Request.
  Time since last request: 24.826542 seconds.
  path: Assets/VFX
  artifactKey: Guid(9b28df1ff680f05419201fac885b4ae0) Importer(815301076,1909f56bfc062723c751e8b465ee728b)
Start importing Assets/VFX using Guid(9b28df1ff680f05419201fac885b4ae0) Importer(815301076,1909f56bfc062723c751e8b465ee728b)  -> (artifact id: '1884c442b02941d008299ca9aa48874c') in 0.002458 seconds 
  Import took 0.005604 seconds .

========================================================================
Received Import Request.
  Time since last request: 35.696669 seconds.
  path: Assets/Scripts/Weapon.cs
  artifactKey: Guid(a179976e033636d46816a04de7bc070b) Importer(815301076,1909f56bfc062723c751e8b465ee728b)
Start importing Assets/Scripts/Weapon.cs using Guid(a179976e033636d46816a04de7bc070b) Importer(815301076,1909f56bfc062723c751e8b465ee728b)  -> (artifact id: '56cdf173133fdfb01e0c83514df68ab1') in 0.004415 seconds 
  Import took 0.007494 seconds .

========================================================================
Received Import Request.
  Time since last request: 0.001275 seconds.
  path: Assets/Scripts/Weapon.cs
  artifactKey: Guid(a179976e033636d46816a04de7bc070b) Importer(815301076,1909f56bfc062723c751e8b465ee728b)
Start importing Assets/Scripts/Weapon.cs using Guid(a179976e033636d46816a04de7bc070b) Importer(815301076,1909f56bfc062723c751e8b465ee728b)  -> (artifact id: '56cdf173133fdfb01e0c83514df68ab1') in 0.002556 seconds 
  Import took 0.005129 seconds .

========================================================================
Received Prepare
Registering precompiled user dll's ...
Registered in 0.004903 seconds.
Begin MonoManager ReloadAssembly
Native extension for WindowsStandalone target not found
Native extension for WebGL target not found
Refreshing native plugins compatible for Editor in 0.37 ms, found 2 plugins.
Preloading 0 native plugins for Editor in 0.00 ms.
Mono: successfully reloaded assembly
- Completed reload, in  0.978 seconds
Domain Reload Profiling:
	ReloadAssembly (978ms)
		BeginReloadAssembly (121ms)
			ExecutionOrderSort (0ms)
			DisableScriptedObjects (4ms)
			BackupInstance (0ms)
			ReleaseScriptingObjects (0ms)
			CreateAndSetChildDomain (31ms)
		EndReloadAssembly (789ms)
			LoadAssemblies (103ms)
			RebuildTransferFunctionScriptingTraits (0ms)
			SetupTypeCache (296ms)
			ReleaseScriptCaches (1ms)
			RebuildScriptCaches (35ms)
			SetupLoadedEditorAssemblies (266ms)
				LogAssemblyErrors (0ms)
				InitializePlatformSupportModulesInManaged (6ms)
				SetLoadedEditorAssemblies (0ms)
				RefreshPlugins (0ms)
				BeforeProcessingInitializeOnLoad (69ms)
				ProcessInitializeOnLoadAttributes (179ms)
				ProcessInitializeOnLoadMethodAttributes (3ms)
				AfterProcessingInitializeOnLoad (8ms)
				EditorAssembliesLoaded (0ms)
			ExecutionOrderSort2 (0ms)
			AwakeInstancesAfterBackupRestoration (7ms)
Platform modules already initialized, skipping
Refreshing native plugins compatible for Editor in 0.40 ms, found 2 plugins.
Preloading 0 native plugins for Editor in 0.00 ms.
Unloading 1499 Unused Serialized files (Serialized files now loaded: 0)
System memory in use before: 93.4 MB.
System memory in use after: 93.1 MB.

Unloading 16 unused Assets to reduce memory usage. Loaded Objects now: 2008.
Total: 2.191000 ms (FindLiveObjects: 0.173800 ms CreateObjectMapping: 0.049800 ms MarkObjects: 1.636500 ms  DeleteObjects: 0.329800 ms)

AssetImportParameters requested are different than current active one (requested -> active):
  custom:framework-win-MediaFoundation: 216162199b28c13a410421893ffa2e32 -> 
  custom:video-decoder-ogg-theora: a1e56fd34408186e4bbccfd4996cb3dc -> 
  custom:container-muxer-webm: aa71ff27fc2769a1b78a27578f13a17b -> 
  custom:container-demuxer-webm: 4f35f7cbe854078d1ac9338744f61a02 -> 
  custom:container-demuxer-ogg: 62fdf1f143b41e24485cea50d1cbac27 -> 
  custom:video-encoder-webm-vp8: eb34c28f22e8b96e1ab97ce403110664 -> 
  custom:video-codec-MediaFoundation-h265: 746d11721c4dcdbdad8f713fa42b33f4 -> 
  custom:video-decoder-webm-vp8: 9c59270c3fd7afecdb556c50c9e8de78 -> 
  custom:audio-decoder-ogg-vorbis: bf7c407c2cedff20999df2af8eb42d56 -> 
  custom:audio-encoder-webm-vorbis: bf7c407c2cedff20999df2af8eb42d56 -> 
========================================================================
Received Import Request.
  Time since last request: 235.898480 seconds.
  path: Assets/Scripts/Weapon.cs
  artifactKey: Guid(a179976e033636d46816a04de7bc070b) Importer(815301076,1909f56bfc062723c751e8b465ee728b)
Start importing Assets/Scripts/Weapon.cs using Guid(a179976e033636d46816a04de7bc070b) Importer(815301076,1909f56bfc062723c751e8b465ee728b)  -> (artifact id: 'ff9b268f9f01dd19d5fd6d103cb5bf80') in 0.004392 seconds 
  Import took 0.006783 seconds .

========================================================================
Received Prepare
Registering precompiled user dll's ...
Registered in 0.006536 seconds.
Begin MonoManager ReloadAssembly
Native extension for WindowsStandalone target not found
Native extension for WebGL target not found
Refreshing native plugins compatible for Editor in 0.45 ms, found 2 plugins.
Preloading 0 native plugins for Editor in 0.00 ms.
Mono: successfully reloaded assembly
- Completed reload, in  1.153 seconds
Domain Reload Profiling:
	ReloadAssembly (1153ms)
		BeginReloadAssembly (146ms)
			ExecutionOrderSort (0ms)
			DisableScriptedObjects (6ms)
			BackupInstance (0ms)
			ReleaseScriptingObjects (0ms)
			CreateAndSetChildDomain (34ms)
		EndReloadAssembly (926ms)
			LoadAssemblies (119ms)
			RebuildTransferFunctionScriptingTraits (0ms)
			SetupTypeCache (363ms)
			ReleaseScriptCaches (1ms)
			RebuildScriptCaches (43ms)
			SetupLoadedEditorAssemblies (306ms)
				LogAssemblyErrors (0ms)
				InitializePlatformSupportModulesInManaged (7ms)
				SetLoadedEditorAssemblies (0ms)
				RefreshPlugins (1ms)
				BeforeProcessingInitializeOnLoad (82ms)
				ProcessInitializeOnLoadAttributes (205ms)
				ProcessInitializeOnLoadMethodAttributes (3ms)
				AfterProcessingInitializeOnLoad (8ms)
				EditorAssembliesLoaded (0ms)
			ExecutionOrderSort2 (0ms)
			AwakeInstancesAfterBackupRestoration (7ms)
Platform modules already initialized, skipping
Refreshing native plugins compatible for Editor in 0.38 ms, found 2 plugins.
Preloading 0 native plugins for Editor in 0.00 ms.
Unloading 1499 Unused Serialized files (Serialized files now loaded: 0)
System memory in use before: 93.4 MB.
System memory in use after: 93.1 MB.

Unloading 16 unused Assets to reduce memory usage. Loaded Objects now: 2010.
Total: 2.402300 ms (FindLiveObjects: 0.163100 ms CreateObjectMapping: 0.064200 ms MarkObjects: 1.764700 ms  DeleteObjects: 0.409200 ms)

AssetImportParameters requested are different than current active one (requested -> active):
  custom:framework-win-MediaFoundation: 216162199b28c13a410421893ffa2e32 -> 
  custom:video-decoder-ogg-theora: a1e56fd34408186e4bbccfd4996cb3dc -> 
  custom:container-muxer-webm: aa71ff27fc2769a1b78a27578f13a17b -> 
  custom:container-demuxer-webm: 4f35f7cbe854078d1ac9338744f61a02 -> 
  custom:container-demuxer-ogg: 62fdf1f143b41e24485cea50d1cbac27 -> 
  custom:video-encoder-webm-vp8: eb34c28f22e8b96e1ab97ce403110664 -> 
  custom:video-codec-MediaFoundation-h265: 746d11721c4dcdbdad8f713fa42b33f4 -> 
  custom:video-decoder-webm-vp8: 9c59270c3fd7afecdb556c50c9e8de78 -> 
  custom:audio-decoder-ogg-vorbis: bf7c407c2cedff20999df2af8eb42d56 -> 
  custom:audio-encoder-webm-vorbis: bf7c407c2cedff20999df2af8eb42d56 -> 
========================================================================
Received Prepare
Registering precompiled user dll's ...
Registered in 0.004708 seconds.
Begin MonoManager ReloadAssembly
Native extension for WindowsStandalone target not found
Native extension for WebGL target not found
Refreshing native plugins compatible for Editor in 0.38 ms, found 2 plugins.
Preloading 0 native plugins for Editor in 0.00 ms.
Mono: successfully reloaded assembly
- Completed reload, in  0.992 seconds
Domain Reload Profiling:
	ReloadAssembly (992ms)
		BeginReloadAssembly (115ms)
			ExecutionOrderSort (0ms)
			DisableScriptedObjects (4ms)
			BackupInstance (0ms)
			ReleaseScriptingObjects (0ms)
			CreateAndSetChildDomain (26ms)
		EndReloadAssembly (812ms)
			LoadAssemblies (94ms)
			RebuildTransferFunctionScriptingTraits (0ms)
			SetupTypeCache (290ms)
			ReleaseScriptCaches (1ms)
			RebuildScriptCaches (37ms)
			SetupLoadedEditorAssemblies (295ms)
				LogAssemblyErrors (0ms)
				InitializePlatformSupportModulesInManaged (6ms)
				SetLoadedEditorAssemblies (0ms)
				RefreshPlugins (0ms)
				BeforeProcessingInitializeOnLoad (81ms)
				ProcessInitializeOnLoadAttributes (194ms)
				ProcessInitializeOnLoadMethodAttributes (4ms)
				AfterProcessingInitializeOnLoad (9ms)
				EditorAssembliesLoaded (0ms)
			ExecutionOrderSort2 (0ms)
			AwakeInstancesAfterBackupRestoration (7ms)
Platform modules already initialized, skipping
Refreshing native plugins compatible for Editor in 0.37 ms, found 2 plugins.
Preloading 0 native plugins for Editor in 0.00 ms.
Unloading 1499 Unused Serialized files (Serialized files now loaded: 0)
System memory in use before: 93.4 MB.
System memory in use after: 93.1 MB.

Unloading 16 unused Assets to reduce memory usage. Loaded Objects now: 2012.
Total: 2.227800 ms (FindLiveObjects: 0.174100 ms CreateObjectMapping: 0.061100 ms MarkObjects: 1.628500 ms  DeleteObjects: 0.363200 ms)

AssetImportParameters requested are different than current active one (requested -> active):
  custom:framework-win-MediaFoundation: 216162199b28c13a410421893ffa2e32 -> 
  custom:video-decoder-ogg-theora: a1e56fd34408186e4bbccfd4996cb3dc -> 
  custom:container-muxer-webm: aa71ff27fc2769a1b78a27578f13a17b -> 
  custom:container-demuxer-webm: 4f35f7cbe854078d1ac9338744f61a02 -> 
  custom:container-demuxer-ogg: 62fdf1f143b41e24485cea50d1cbac27 -> 
  custom:video-encoder-webm-vp8: eb34c28f22e8b96e1ab97ce403110664 -> 
  custom:video-codec-MediaFoundation-h265: 746d11721c4dcdbdad8f713fa42b33f4 -> 
  custom:video-decoder-webm-vp8: 9c59270c3fd7afecdb556c50c9e8de78 -> 
  custom:audio-decoder-ogg-vorbis: bf7c407c2cedff20999df2af8eb42d56 -> 
  custom:audio-encoder-webm-vorbis: bf7c407c2cedff20999df2af8eb42d56 -> 
========================================================================
Received Prepare
Registering precompiled user dll's ...
Registered in 0.004435 seconds.
Begin MonoManager ReloadAssembly
Native extension for WindowsStandalone target not found
Native extension for WebGL target not found
Refreshing native plugins compatible for Editor in 0.35 ms, found 2 plugins.
Preloading 0 native plugins for Editor in 0.00 ms.
Mono: successfully reloaded assembly
- Completed reload, in  0.832 seconds
Domain Reload Profiling:
	ReloadAssembly (832ms)
		BeginReloadAssembly (108ms)
			ExecutionOrderSort (0ms)
			DisableScriptedObjects (4ms)
			BackupInstance (0ms)
			ReleaseScriptingObjects (0ms)
			CreateAndSetChildDomain (26ms)
		EndReloadAssembly (668ms)
			LoadAssemblies (83ms)
			RebuildTransferFunctionScriptingTraits (0ms)
			SetupTypeCache (229ms)
			ReleaseScriptCaches (1ms)
			RebuildScriptCaches (32ms)
			SetupLoadedEditorAssemblies (238ms)
				LogAssemblyErrors (0ms)
				InitializePlatformSupportModulesInManaged (5ms)
				SetLoadedEditorAssemblies (0ms)
				RefreshPlugins (0ms)
				BeforeProcessingInitializeOnLoad (62ms)
				ProcessInitializeOnLoadAttributes (161ms)
				ProcessInitializeOnLoadMethodAttributes (3ms)
				AfterProcessingInitializeOnLoad (7ms)
				EditorAssembliesLoaded (0ms)
			ExecutionOrderSort2 (0ms)
			AwakeInstancesAfterBackupRestoration (6ms)
Platform modules already initialized, skipping
Refreshing native plugins compatible for Editor in 0.34 ms, found 2 plugins.
Preloading 0 native plugins for Editor in 0.00 ms.
Unloading 1499 Unused Serialized files (Serialized files now loaded: 0)
System memory in use before: 93.4 MB.
System memory in use after: 93.1 MB.

Unloading 16 unused Assets to reduce memory usage. Loaded Objects now: 2014.
Total: 1.901700 ms (FindLiveObjects: 0.163500 ms CreateObjectMapping: 0.053800 ms MarkObjects: 1.368600 ms  DeleteObjects: 0.314900 ms)

AssetImportParameters requested are different than current active one (requested -> active):
  custom:framework-win-MediaFoundation: 216162199b28c13a410421893ffa2e32 -> 
  custom:video-decoder-ogg-theora: a1e56fd34408186e4bbccfd4996cb3dc -> 
  custom:container-muxer-webm: aa71ff27fc2769a1b78a27578f13a17b -> 
  custom:container-demuxer-webm: 4f35f7cbe854078d1ac9338744f61a02 -> 
  custom:container-demuxer-ogg: 62fdf1f143b41e24485cea50d1cbac27 -> 
  custom:video-encoder-webm-vp8: eb34c28f22e8b96e1ab97ce403110664 -> 
  custom:video-codec-MediaFoundation-h265: 746d11721c4dcdbdad8f713fa42b33f4 -> 
  custom:video-decoder-webm-vp8: 9c59270c3fd7afecdb556c50c9e8de78 -> 
  custom:audio-decoder-ogg-vorbis: bf7c407c2cedff20999df2af8eb42d56 -> 
  custom:audio-encoder-webm-vorbis: bf7c407c2cedff20999df2af8eb42d56 -> 
========================================================================
Received Import Request.
  Time since last request: 421.537225 seconds.
  path: Assets/New Folder
  artifactKey: Guid(8f85e0188f63d4244a50627cd3fe4737) Importer(815301076,1909f56bfc062723c751e8b465ee728b)
Start importing Assets/New Folder using Guid(8f85e0188f63d4244a50627cd3fe4737) Importer(815301076,1909f56bfc062723c751e8b465ee728b)  -> (artifact id: 'a5c244f7e617ab3dc9a830f4ca68cc62') in 0.004349 seconds 
  Import took 0.006752 seconds .

========================================================================
Received Import Request.
  Time since last request: 0.002816 seconds.
  path: Assets/New Folder
  artifactKey: Guid(8f85e0188f63d4244a50627cd3fe4737) Importer(815301076,1909f56bfc062723c751e8b465ee728b)
Start importing Assets/New Folder using Guid(8f85e0188f63d4244a50627cd3fe4737) Importer(815301076,1909f56bfc062723c751e8b465ee728b)  -> (artifact id: 'a5c244f7e617ab3dc9a830f4ca68cc62') in 0.002401 seconds 
  Import took 0.005059 seconds .

AssetImportWorkerClient::OnTransportError - code=2 error=End of file
